<?xml version="1.0" encoding="UTF-8"?>
<robot generator="Robot 5.0 (Python 3.6.8 on win32)" generated="20240124 10:08:09.063" rpa="false" schemaversion="3">
<suite id="s1" name="loginOpenMRSFeatures" source="C:\RobotFramework\OpenMRS\testcases\loginOpenMRSFeatures.robot">
<test id="s1-t1" name="Login using valid credential as Super User" line="7">
<kw name="User access Open MRS website" library="loginOpenMRSSteps">
<kw name="Open Browser" library="SeleniumLibrary">
<arg>${baseUrl}</arg>
<arg>Chrome</arg>
<doc>Opens a new browser instance to the optional ``url``.</doc>
<msg timestamp="20240124 10:08:09.895" level="INFO">Opening browser 'Chrome' to base url 'https://demo.openmrs.org/openmrs/login.htm'.</msg>
<status status="PASS" starttime="20240124 10:08:09.894" endtime="20240124 10:08:20.797"/>
</kw>
<kw name="Maximize Browser Window" library="SeleniumLibrary">
<doc>Maximizes current browser window.</doc>
<status status="PASS" starttime="20240124 10:08:20.803" endtime="20240124 10:08:21.073"/>
</kw>
<kw name="Sleep" library="BuiltIn">
<arg>2s</arg>
<doc>Pauses the test executed for the given time.</doc>
<msg timestamp="20240124 10:08:23.090" level="INFO">Slept 2 seconds</msg>
<status status="PASS" starttime="20240124 10:08:21.073" endtime="20240124 10:08:23.090"/>
</kw>
<status status="PASS" starttime="20240124 10:08:09.893" endtime="20240124 10:08:23.091"/>
</kw>
<kw name="User input valid username on Open MRS" library="loginOpenMRSSteps">
<kw name="Wait Until Element Is Visible" library="SeleniumLibrary">
<arg>id:username</arg>
<doc>Waits until the element ``locator`` is visible.</doc>
<status status="PASS" starttime="20240124 10:08:23.192" endtime="20240124 10:08:23.725"/>
</kw>
<kw name="Input Text" library="SeleniumLibrary">
<arg>${loginField}[username]</arg>
<arg>${validCredential}[0]</arg>
<doc>Types the given ``text`` into the text field identified by ``locator``.</doc>
<msg timestamp="20240124 10:08:23.733" level="INFO">Typing text 'Admin' into text field 'id:username'.</msg>
<status status="PASS" starttime="20240124 10:08:23.725" endtime="20240124 10:08:25.869"/>
</kw>
<kw name="Sleep" library="BuiltIn">
<arg>2s</arg>
<doc>Pauses the test executed for the given time.</doc>
<msg timestamp="20240124 10:08:27.873" level="INFO">Slept 2 seconds</msg>
<status status="PASS" starttime="20240124 10:08:25.869" endtime="20240124 10:08:27.874"/>
</kw>
<status status="PASS" starttime="20240124 10:08:23.187" endtime="20240124 10:08:27.874"/>
</kw>
<kw name="User input valid password on Open MRS" library="loginOpenMRSSteps">
<kw name="Input Text" library="SeleniumLibrary">
<arg>${loginField}[password]</arg>
<arg>${validCredential}[1]</arg>
<doc>Types the given ``text`` into the text field identified by ``locator``.</doc>
<msg timestamp="20240124 10:08:27.881" level="INFO">Typing text 'Admin123' into text field 'id:password'.</msg>
<status status="PASS" starttime="20240124 10:08:27.874" endtime="20240124 10:08:28.243"/>
</kw>
<kw name="Sleep" library="BuiltIn">
<arg>2s</arg>
<doc>Pauses the test executed for the given time.</doc>
<msg timestamp="20240124 10:08:30.253" level="INFO">Slept 2 seconds</msg>
<status status="PASS" starttime="20240124 10:08:28.243" endtime="20240124 10:08:30.253"/>
</kw>
<status status="PASS" starttime="20240124 10:08:27.874" endtime="20240124 10:08:30.254"/>
</kw>
<kw name="User choose Location for the session" library="loginOpenMRSSteps">
<kw name="Click Element" library="SeleniumLibrary">
<arg>${loginButton}[location]</arg>
<doc>Click the element identified by ``locator``.</doc>
<msg timestamp="20240124 10:08:30.258" level="INFO">Clicking element 'id:Inpatient Ward'.</msg>
<status status="PASS" starttime="20240124 10:08:30.255" endtime="20240124 10:08:30.498"/>
</kw>
<status status="PASS" starttime="20240124 10:08:30.255" endtime="20240124 10:08:30.499"/>
</kw>
<kw name="User click Login button on Open MRS" library="loginOpenMRSSteps">
<kw name="Click Element" library="SeleniumLibrary">
<arg>${loginButton}[loginBtn]</arg>
<doc>Click the element identified by ``locator``.</doc>
<msg timestamp="20240124 10:08:30.505" level="INFO">Clicking element 'id=loginButton'.</msg>
<status status="PASS" starttime="20240124 10:08:30.503" endtime="20240124 10:08:34.348"/>
</kw>
<status status="PASS" starttime="20240124 10:08:30.502" endtime="20240124 10:08:34.351"/>
</kw>
<kw name=" User redirect to homepage as Super User" library="loginOpenMRSSteps">
<kw name="Wait Until Element Is Visible" library="SeleniumLibrary">
<arg>${loginElement}[elementVisible]</arg>
<doc>Waits until the element ``locator`` is visible.</doc>
<status status="PASS" starttime="20240124 10:08:34.356" endtime="20240124 10:08:34.448"/>
</kw>
<kw name="Element Should Be Visible" library="SeleniumLibrary">
<arg>${loginElement}[elementVisible]</arg>
<doc>Verifies that the element identified by ``locator`` is visible.</doc>
<msg timestamp="20240124 10:08:34.485" level="INFO">Element 'id:coreapps-activeVisitsHomepageLink-coreapps-activeVisitsHomepageLink-extension' is displayed.</msg>
<status status="PASS" starttime="20240124 10:08:34.448" endtime="20240124 10:08:34.485"/>
</kw>
<kw name="Sleep" library="BuiltIn">
<arg>2s</arg>
<doc>Pauses the test executed for the given time.</doc>
<msg timestamp="20240124 10:08:36.503" level="INFO">Slept 2 seconds</msg>
<status status="PASS" starttime="20240124 10:08:34.485" endtime="20240124 10:08:36.505"/>
</kw>
<kw name="Close Browser" library="SeleniumLibrary">
<doc>Closes the current browser.</doc>
<status status="PASS" starttime="20240124 10:08:36.505" endtime="20240124 10:08:41.084"/>
</kw>
<status status="PASS" starttime="20240124 10:08:34.353" endtime="20240124 10:08:41.084"/>
</kw>
<status status="PASS" starttime="20240124 10:08:09.890" endtime="20240124 10:08:41.086"/>
</test>
<status status="PASS" starttime="20240124 10:08:09.068" endtime="20240124 10:08:41.105"/>
</suite>
<statistics>
<total>
<stat pass="1" fail="0" skip="0">All Tests</stat>
</total>
<tag>
</tag>
<suite>
<stat pass="1" fail="0" skip="0" id="s1" name="loginOpenMRSFeatures">loginOpenMRSFeatures</stat>
</suite>
</statistics>
<errors>
</errors>
</robot>
