<?xml version="1.0" encoding="UTF-8"?>
<robot generator="Robot 5.0 (Python 3.6.8 on win32)" generated="20240124 17:05:00.514" rpa="false" schemaversion="3">
<suite id="s1" name="loginCuraFeatures" source="C:\RobotFramework\OpenMRS\testcases\CuraHealthcare\loginCuraFeatures.robot">
<test id="s1-t1" name="Login using valid credential" line="6">
<kw name="Given User access Cura Healthcare website" library="loginCuraSteps">
<kw name="Open Browser" library="SeleniumLibrary">
<arg>${baseUrl}</arg>
<arg>Chrome</arg>
<doc>Opens a new browser instance to the optional ``url``.</doc>
<msg timestamp="20240124 17:05:01.336" level="INFO">Opening browser 'Chrome' to base url 'https://katalon-demo-cura.herokuapp.com/profile.php#login'.</msg>
<status status="PASS" starttime="20240124 17:05:01.336" endtime="20240124 17:05:23.392"/>
</kw>
<kw name="Maximize Browser Window" library="SeleniumLibrary">
<doc>Maximizes current browser window.</doc>
<status status="PASS" starttime="20240124 17:05:23.393" endtime="20240124 17:05:23.591"/>
</kw>
<kw name="Sleep" library="BuiltIn">
<arg>2s</arg>
<doc>Pauses the test executed for the given time.</doc>
<msg timestamp="20240124 17:05:25.600" level="INFO">Slept 2 seconds</msg>
<status status="PASS" starttime="20240124 17:05:23.592" endtime="20240124 17:05:25.600"/>
</kw>
<status status="PASS" starttime="20240124 17:05:01.336" endtime="20240124 17:05:25.601"/>
</kw>
<kw name="When User enter valid username and password" library="loginCuraSteps">
<kw name="Input Text" library="SeleniumLibrary">
<arg>${loginField}[username]</arg>
<arg>${validCredential}[username]</arg>
<doc>Types the given ``text`` into the text field identified by ``locator``.</doc>
<msg timestamp="20240124 17:05:25.601" level="INFO">Typing text 'John Doe' into text field 'id:txt-username'.</msg>
<status status="PASS" starttime="20240124 17:05:25.601" endtime="20240124 17:05:25.992"/>
</kw>
<kw name="Input Text" library="SeleniumLibrary">
<arg>${loginField}[password]</arg>
<arg>${validCredential}[password]</arg>
<doc>Types the given ``text`` into the text field identified by ``locator``.</doc>
<msg timestamp="20240124 17:05:25.992" level="INFO">Typing text 'ThisIsNotAPassword' into text field 'id:txt-password'.</msg>
<status status="PASS" starttime="20240124 17:05:25.992" endtime="20240124 17:05:26.183"/>
</kw>
<kw name="Sleep" library="BuiltIn">
<arg>2s</arg>
<doc>Pauses the test executed for the given time.</doc>
<msg timestamp="20240124 17:05:28.199" level="INFO">Slept 2 seconds</msg>
<status status="PASS" starttime="20240124 17:05:26.183" endtime="20240124 17:05:28.199"/>
</kw>
<status status="PASS" starttime="20240124 17:05:25.601" endtime="20240124 17:05:28.201"/>
</kw>
<kw name="And User click Login button on Cura Login page" library="loginCuraSteps">
<kw name="Click Element" library="SeleniumLibrary">
<arg>${loginButton}[loginBtn]</arg>
<doc>Click the element identified by ``locator``.</doc>
<msg timestamp="20240124 17:05:28.203" level="INFO">Clicking element 'id:btn-login'.</msg>
<status status="PASS" starttime="20240124 17:05:28.203" endtime="20240124 17:05:30.026"/>
</kw>
<status status="PASS" starttime="20240124 17:05:28.203" endtime="20240124 17:05:30.026"/>
</kw>
<kw name="Then User redirect to Appointment page" library="loginCuraSteps">
<kw name="Wait Until Element Is Visible" library="SeleniumLibrary">
<arg>${loginElement}[elementVisible]</arg>
<doc>Waits until the element ``locator`` is visible.</doc>
<status status="PASS" starttime="20240124 17:05:30.026" endtime="20240124 17:05:30.104"/>
</kw>
<kw name="Sleep" library="BuiltIn">
<arg>2s</arg>
<doc>Pauses the test executed for the given time.</doc>
<msg timestamp="20240124 17:05:32.119" level="INFO">Slept 2 seconds</msg>
<status status="PASS" starttime="20240124 17:05:30.104" endtime="20240124 17:05:32.120"/>
</kw>
<kw name="Close Browser" library="SeleniumLibrary">
<doc>Closes the current browser.</doc>
<status status="PASS" starttime="20240124 17:05:32.121" endtime="20240124 17:05:34.811"/>
</kw>
<status status="PASS" starttime="20240124 17:05:30.026" endtime="20240124 17:05:34.811"/>
</kw>
<status status="PASS" starttime="20240124 17:05:01.334" endtime="20240124 17:05:34.811"/>
</test>
<status status="PASS" starttime="20240124 17:05:00.521" endtime="20240124 17:05:34.818"/>
</suite>
<statistics>
<total>
<stat pass="1" fail="0" skip="0">All Tests</stat>
</total>
<tag>
</tag>
<suite>
<stat pass="1" fail="0" skip="0" id="s1" name="loginCuraFeatures">loginCuraFeatures</stat>
</suite>
</statistics>
<errors>
</errors>
</robot>
